2024-10-31 10:43:56.351 [info] L’expérience «pythonRecommendTensorboardExt» est active
2024-10-31 10:43:56.351 [info] L’expérience «pythonTerminalEnvVarActivation» est active
2024-10-31 10:43:56.352 [info] L’expérience «pythonTestAdapter» est active
2024-10-31 10:43:56.354 [warning] Dir "/home/ubuntu/.pixi/envs" is not watchable (directory does not exist)
2024-10-31 10:43:56.548 [info] Default formatter is set to null for workspace /home/ubuntu
2024-10-31 10:43:56.595 [info] Starting Environment refresh
2024-10-31 10:43:56.595 [info] Searching for interpreters in posix paths locator
2024-10-31 10:43:56.613 [info] Searching for pyenv environments
2024-10-31 10:43:56.613 [info] Searching for conda environments
2024-10-31 10:43:56.614 [info] Searching for global virtual environments
2024-10-31 10:43:56.615 [info] Searching for custom virtual environments
2024-10-31 10:43:57.168 [info] pyenv is not installed
2024-10-31 10:43:57.168 [info] Finished searching for pyenv environments: 571 milliseconds
2024-10-31 10:43:57.169 [info] Finished searching for custom virtual envs: 570 milliseconds
2024-10-31 10:43:57.175 [info] > conda info --json
2024-10-31 10:43:57.182 [info] > pixi --version
2024-10-31 10:43:57.186 [info] > hatch env show --json
2024-10-31 10:43:57.186 [info] cwd: .
2024-10-31 10:43:57.196 [info] > pyenv which python
2024-10-31 10:43:57.196 [info] cwd: .
2024-10-31 10:43:57.201 [info] Finished searching for global virtual envs: 602 milliseconds
2024-10-31 10:43:57.215 [info] Found: /bin/python3 --> /bin/python3.8
2024-10-31 10:43:57.216 [info] Found: /bin/python3.8 --> /bin/python3.8
2024-10-31 10:43:57.232 [info] Found: /usr/bin/python3 --> /usr/bin/python3.8
2024-10-31 10:43:57.232 [info] Found: /usr/bin/python3.8 --> /usr/bin/python3.8
2024-10-31 10:43:57.265 [info] Finished searching for interpreters in posix paths locator: 674 milliseconds
2024-10-31 10:43:57.265 [info] > /bin/python3 -I ./.vscode-server/extensions/ms-python.python-2024.16.1-linux-x64/python_files/get_output_via_markers.py ./.vscode-server/extensions/ms-python.python-2024.16.1-linux-x64/python_files/interpreterInfo.py
2024-10-31 10:43:57.290 [info] > /usr/bin/python3 -I ./.vscode-server/extensions/ms-python.python-2024.16.1-linux-x64/python_files/get_output_via_markers.py ./.vscode-server/extensions/ms-python.python-2024.16.1-linux-x64/python_files/interpreterInfo.py
2024-10-31 10:43:57.290 [info] Environments refresh paths discovered (event): 705 milliseconds
2024-10-31 10:43:57.290 [info] Environments refresh paths discovered: 706 milliseconds
2024-10-31 10:43:57.351 [info] Environments refresh finished (event): 767 milliseconds
2024-10-31 10:43:57.368 [info] Environment refresh took 783 milliseconds
2024-10-31 10:43:57.380 [info] Chemin de l’interpréteur Python : /bin/python3
2024-10-31 10:43:57.773 [info] Shell integration status changed, can confirm it's working.
2024-10-31 10:43:59.315 [info] Démarrage du serveur de langage Pylance
2024-10-31 10:51:27.227 [info] Discover tests for workspace name: ubuntu - uri: /home/ubuntu/datascientest-jenkins/app/main.py
2024-10-31 10:53:21.069 [info] Running installed packages checker:  {
  id: '/bin/python3',
  sysPrefix: '/usr',
  envType: 'Global',
  envName: '',
  envPath: '',
  path: '/bin/python3',
  architecture: 3,
  sysVersion: '3.8.10 (default, Sep 11 2024, 16:02:53) \n[GCC 9.4.0]',
  version: {
    raw: '3.8.10',
    major: 3,
    minor: 8,
    patch: 10,
    build: [],
    prerelease: [ 'final', '0' ]
  },
  displayName: 'Python 3.8.10 64-bit',
  detailedDisplayName: 'Python 3.8.10 64-bit',
  type: undefined
} /home/ubuntu/.vscode-server/extensions/ms-python.python-2024.16.1-linux-x64/python_files/installed_check.py /home/ubuntu/datascientest-jenkins/requirements.txt
2024-10-31 10:53:21.070 [info] > /bin/python3 ./.vscode-server/extensions/ms-python.python-2024.16.1-linux-x64/python_files/installed_check.py ./datascientest-jenkins/requirements.txt
2024-10-31 10:54:06.496 [info] Running installed packages checker:  {
  id: '/bin/python3',
  sysPrefix: '/usr',
  envType: 'Global',
  envName: '',
  envPath: '',
  path: '/bin/python3',
  architecture: 3,
  sysVersion: '3.8.10 (default, Sep 11 2024, 16:02:53) \n[GCC 9.4.0]',
  version: {
    raw: '3.8.10',
    major: 3,
    minor: 8,
    patch: 10,
    build: [],
    prerelease: [ 'final', '0' ]
  },
  displayName: 'Python 3.8.10 64-bit',
  detailedDisplayName: 'Python 3.8.10 64-bit',
  type: undefined
} /home/ubuntu/.vscode-server/extensions/ms-python.python-2024.16.1-linux-x64/python_files/installed_check.py /home/ubuntu/datascientest-jenkins/requirements.txt
2024-10-31 10:54:06.496 [info] > /bin/python3 ./.vscode-server/extensions/ms-python.python-2024.16.1-linux-x64/python_files/installed_check.py ./datascientest-jenkins/requirements.txt
