2024-10-31 10:43:06.193 [info] Extension host with pid 52218 started
2024-10-31 10:43:06.258 [info] Lock '/home/ubuntu/.vscode-server/data/User/workspaceStorage/e9635cdfaf1cfa406cbd7152a2aa8d67/vscode.lock': Lock acquired.
2024-10-31 10:43:06.539 [info] Eager extensions activated
2024-10-31 10:43:07.599 [info] ExtensionService#_doActivateExtension vscode.debug-auto-launch, startup: false, activationEvent: 'onStartupFinished'
2024-10-31 10:43:07.601 [info] ExtensionService#_doActivateExtension vscode.git-base, startup: false, activationEvent: '*', root cause: vscode.git
2024-10-31 10:43:07.602 [info] ExtensionService#_doActivateExtension vscode.merge-conflict, startup: false, activationEvent: 'onStartupFinished'
2024-10-31 10:43:07.915 [info] ExtensionService#_doActivateExtension vscode.git, startup: false, activationEvent: '*'
2024-10-31 10:43:07.915 [info] ExtensionService#_doActivateExtension vscode.github, startup: false, activationEvent: '*'
2024-10-31 10:43:24.044 [info] ExtensionService#_doActivateExtension vscode.emmet, startup: false, activationEvent: 'onLanguage'
2024-10-31 10:43:55.000 [info] ExtensionService#_doActivateExtension ms-python.python, startup: false, activationEvent: 'onLanguage:python', root cause: ms-python.debugpy
2024-10-31 10:43:56.624 [info] ExtensionService#_doActivateExtension ms-python.debugpy, startup: false, activationEvent: 'onLanguage:python'
2024-10-31 10:43:56.624 [info] ExtensionService#_doActivateExtension ms-python.vscode-pylance, startup: false, activationEvent: 'onLanguage:python'
2024-10-31 10:51:54.191 [info] ExtensionService#_doActivateExtension vscode.npm, startup: false, activationEvent: 'onTerminalQuickFixRequest:ms-vscode.npm-command'
2024-10-31 10:52:00.027 [info] ExtensionService#_doActivateExtension vscode.configuration-editing, startup: false, activationEvent: 'onLanguage:json'
2024-10-31 10:52:00.028 [info] ExtensionService#_doActivateExtension vscode.extension-editing, startup: false, activationEvent: 'onLanguage:json'
2024-10-31 10:52:00.028 [info] ExtensionService#_doActivateExtension vscode.json-language-features, startup: false, activationEvent: 'onLanguage:json'
2024-10-31 10:55:24.169 [info] ExtensionService#_doActivateExtension ms-azuretools.vscode-docker, startup: false, activationEvent: 'onLanguage:dockerfile'
2024-10-31 10:55:24.608 [warning] Using default string since no string found in i18n bundle that has the key: Learn more
2024-10-31 10:55:24.609 [warning] Using default string since no string found in i18n bundle that has the key: Yes
2024-10-31 10:55:24.609 [warning] Using default string since no string found in i18n bundle that has the key: No
2024-10-31 10:55:24.609 [warning] Using default string since no string found in i18n bundle that has the key: Cancel
2024-10-31 10:55:24.609 [warning] Using default string since no string found in i18n bundle that has the key: Delete
2024-10-31 10:55:24.609 [warning] Using default string since no string found in i18n bundle that has the key: Don't warn again
2024-10-31 10:55:24.609 [warning] Using default string since no string found in i18n bundle that has the key: Skip for now
2024-10-31 10:55:24.609 [warning] Using default string since no string found in i18n bundle that has the key: Upload
2024-10-31 10:55:24.609 [warning] Using default string since no string found in i18n bundle that has the key: Always upload
2024-10-31 10:55:24.609 [warning] Using default string since no string found in i18n bundle that has the key: Don't upload
2024-10-31 10:55:24.609 [warning] Using default string since no string found in i18n bundle that has the key: Report an issue
2024-10-31 10:55:24.744 [warning] Using default string since no string found in i18n bundle that has the key: "registerUIExtensionVariables" must be called before using the vscode-azureextensionui package.
2024-10-31 10:55:24.748 [warning] Using default string since no string found in i18n bundle that has the key: This operation is not supported.
2024-10-31 10:55:24.780 [warning] Using default string since no string found in i18n bundle that has the key: Load More...
2024-10-31 10:55:24.873 [warning] Using default string since no string found in i18n bundle that has the key: Use a Dockerfile
2024-10-31 10:55:24.873 [warning] Using default string since no string found in i18n bundle that has the key: Use .NET SDK
2024-10-31 10:55:24.875 [warning] Using default string since no string found in i18n bundle that has the key: No grouping
2024-10-31 10:55:24.875 [warning] Using default string since no string found in i18n bundle that has the key: Sort by newest
2024-10-31 10:55:24.875 [warning] Using default string since no string found in i18n bundle that has the key: Sort alphabetically by label
2024-10-31 10:55:24.876 [warning] Using default string since no string found in i18n bundle that has the key: Value used to associate containers launched by a 'docker-compose up' command
2024-10-31 10:55:24.876 [warning] Using default string since no string found in i18n bundle that has the key: Individual Containers
2024-10-31 10:55:24.876 [warning] Using default string since no string found in i18n bundle that has the key: Others
2024-10-31 10:55:24.879 [warning] Using default string since no string found in i18n bundle that has the key: Choose a project file
2024-10-31 10:55:24.879 [warning] Using default string since no string found in i18n bundle that has the key: No C# or F# project files were found in the workspace.
2024-10-31 10:55:24.879 [warning] Using default string since no string found in i18n bundle that has the key: Choose a package.json file
2024-10-31 10:55:24.879 [warning] Using default string since no string found in i18n bundle that has the key: No package.json files were found in the workspace.
2024-10-31 10:55:24.883 [warning] Using default string since no string found in i18n bundle that has the key: Overwrite File
2024-10-31 10:55:24.883 [warning] Using default string since no string found in i18n bundle that has the key: Skip File
2024-10-31 10:55:24.883 [warning] Using default string since no string found in i18n bundle that has the key: Cancel
2024-10-31 10:55:24.911 [warning] Using default string since no string found in i18n bundle that has the key: Redis is an open source key-value store that functions as a data structure server.
2024-10-31 10:55:24.912 [warning] Using default string since no string found in i18n bundle that has the key: Ubuntu is a Debian-based Linux operating system based on free software.
2024-10-31 10:55:24.912 [warning] Using default string since no string found in i18n bundle that has the key: The WordPress rich content management system can utilize plugins, widgets, and themes.
2024-10-31 10:55:24.912 [warning] Using default string since no string found in i18n bundle that has the key: MySQL is a widely used, open-source relational database management system (RDBMS).
2024-10-31 10:55:24.912 [warning] Using default string since no string found in i18n bundle that has the key: MongoDB document databases provide high availability and easy scalability.
2024-10-31 10:55:24.912 [warning] Using default string since no string found in i18n bundle that has the key: The official build of CentOS.
2024-10-31 10:55:24.912 [warning] Using default string since no string found in i18n bundle that has the key: Node.js is a JavaScript-based platform for server-side and networking applications.
2024-10-31 10:55:24.912 [warning] Using default string since no string found in i18n bundle that has the key: Official build of Nginx.
2024-10-31 10:55:24.912 [warning] Using default string since no string found in i18n bundle that has the key: The PostgreSQL object-relational database system provides reliability and data integrity.
2024-10-31 10:55:24.912 [warning] Using default string since no string found in i18n bundle that has the key: ASP.NET is an open source server-side Web application framework
2024-10-31 10:55:25.086 [warning] Using default string since no string found in i18n bundle that has the key: Containers
2024-10-31 10:55:25.086 [warning] Using default string since no string found in i18n bundle that has the key: Configure containers explorer
2024-10-31 10:55:25.087 [warning] Using default string since no string found in i18n bundle that has the key: Networks
2024-10-31 10:55:25.087 [warning] Using default string since no string found in i18n bundle that has the key: Configure networks explorer
2024-10-31 10:55:25.088 [warning] Using default string since no string found in i18n bundle that has the key: Images
2024-10-31 10:55:25.088 [warning] Using default string since no string found in i18n bundle that has the key: Configure images explorer
2024-10-31 10:55:25.088 [warning] Using default string since no string found in i18n bundle that has the key: Sort by image size
2024-10-31 10:55:25.088 [warning] Using default string since no string found in i18n bundle that has the key: GitHub
2024-10-31 10:55:25.088 [warning] Using default string since no string found in i18n bundle that has the key: GitHub Container Registry
2024-10-31 10:55:25.089 [warning] Using default string since no string found in i18n bundle that has the key: Docker Hub
2024-10-31 10:55:25.089 [warning] Using default string since no string found in i18n bundle that has the key: Azure
2024-10-31 10:55:25.089 [warning] Using default string since no string found in i18n bundle that has the key: Azure Container Registry
2024-10-31 10:55:25.090 [warning] Using default string since no string found in i18n bundle that has the key: Generic Registry V2
2024-10-31 10:55:25.091 [warning] Using default string since no string found in i18n bundle that has the key: Volumes
2024-10-31 10:55:25.091 [warning] Using default string since no string found in i18n bundle that has the key: Configure volumes explorer
2024-10-31 10:55:25.091 [warning] Using default string since no string found in i18n bundle that has the key: Contexts
2024-10-31 10:55:25.092 [warning] Using default string since no string found in i18n bundle that has the key: Configure Docker Contexts Explorer
2024-10-31 11:05:23.798 [info] Extension host terminating: received terminate message from renderer
2024-10-31 11:05:23.799 [info] Lock '/home/ubuntu/.vscode-server/data/User/workspaceStorage/e9635cdfaf1cfa406cbd7152a2aa8d67/vscode.lock': Marking the lockfile as scheduled to be released in 6000 ms.
2024-10-31 11:05:23.913 [info] Extension host with pid 52218 exiting with code 0
